<?xml version="1.0" encoding="UTF-8"?>
<!-- Generated by org.testng.reporters.JUnitXMLReporter -->
<testsuite ignored="0" hostname="DESKTOP-PMMKTKS" failures="1" tests="1" name="ChromeTest" time="20.836" errors="0" timestamp="2026-01-22T16:16:49 IST">
  <testcase classname="testCases.TC002_LoginModule" name="TestLoginModule" time="16.875">
    <failure type="java.lang.AssertionError" message="expected [My Account] but found [true]">
      <![CDATA[java.lang.AssertionError: expected [My Account] but found [true]
at testCases.TC002_LoginModule.TestLoginModule(TC002_LoginModule.java:34)
at java.base/java.util.ArrayList.forEach(ArrayList.java:1596)
... Removed 30 stack frames]]>
    </failure>
  </testcase> <!-- TestLoginModule -->
</testsuite> <!-- ChromeTest -->
