<?xml version="1.0" encoding="UTF-8"?>
<!-- Generated by org.testng.reporters.JUnitXMLReporter -->
<testsuite ignored="0" hostname="DESKTOP-PMMKTKS" failures="0" tests="5" name="SimpleTest" time="117.193" errors="0" timestamp="2026-01-22T16:18:46 IST">
  <testcase classname="testCases.TC003_ValidationOfUser" name="TestLoginModule" time="17.039"/>
  <testcase classname="testCases.TC003_ValidationOfUser" name="TestLoginModule" time="16.865"/>
  <testcase classname="testCases.TC003_ValidationOfUser" name="TestLoginModule" time="16.341"/>
  <testcase classname="testCases.TC003_ValidationOfUser" name="TestLoginModule" time="37.198"/>
  <testcase classname="testCases.TC003_ValidationOfUser" name="TestLoginModule" time="26.174"/>
</testsuite> <!-- SimpleTest -->
