<?xml version="1.0" encoding="UTF-8"?>
<testng-results ignored="0" total="7" passed="6" failed="1" skipped="0">
  <reporter-output>
  </reporter-output>
  <suite started-at="2026-01-22T16:15:50 IST" name="Suite" finished-at="2026-01-22T16:18:46 IST" duration-ms="176061">
    <groups>
    </groups>
    <test started-at="2026-01-22T16:15:50 IST" name="EdgeTest" finished-at="2026-01-22T16:16:27 IST" duration-ms="37307">
      <class name="testCases.TC001_CreationOfAccount">
        <test-method is-config="true" signature="Setup(java.lang.String,java.lang.String)[pri:0, instance:testCases.TC001_CreationOfAccount@4116aac9]" started-at="2026-01-22T16:15:50 IST" name="Setup" finished-at="2026-01-22T16:15:54 IST" duration-ms="3875" status="PASS">
          <params>
            <param index="0">
              <value>
                <![CDATA[Edge]]>
              </value>
            </param>
            <param index="1">
              <value>
                <![CDATA[windows]]>
              </value>
            </param>
          </params>
          <reporter-output>
          </reporter-output>
        </test-method> <!-- Setup -->
        <test-method signature="SetAccountCreation()[pri:0, instance:testCases.TC001_CreationOfAccount@4116aac9]" started-at="2026-01-22T16:15:54 IST" name="SetAccountCreation" finished-at="2026-01-22T16:16:27 IST" duration-ms="32684" status="PASS">
          <reporter-output>
          </reporter-output>
        </test-method> <!-- SetAccountCreation -->
        <test-method is-config="true" signature="tearDown()[pri:0, instance:testCases.TC001_CreationOfAccount@4116aac9]" started-at="2026-01-22T16:16:27 IST" name="tearDown" finished-at="2026-01-22T16:16:27 IST" duration-ms="314" status="PASS">
          <reporter-output>
          </reporter-output>
        </test-method> <!-- tearDown -->
      </class> <!-- testCases.TC001_CreationOfAccount -->
    </test> <!-- EdgeTest -->
    <test started-at="2026-01-22T16:16:28 IST" name="ChromeTest" finished-at="2026-01-22T16:16:49 IST" duration-ms="20836">
      <class name="testCases.TC002_LoginModule">
        <test-method is-config="true" signature="Setup(java.lang.String,java.lang.String)[pri:0, instance:testCases.TC002_LoginModule@ae13544]" started-at="2026-01-22T16:16:28 IST" name="Setup" finished-at="2026-01-22T16:16:31 IST" duration-ms="3237" status="PASS">
          <params>
            <param index="0">
              <value>
                <![CDATA[Chrome]]>
              </value>
            </param>
            <param index="1">
              <value>
                <![CDATA[windows]]>
              </value>
            </param>
          </params>
          <reporter-output>
          </reporter-output>
        </test-method> <!-- Setup -->
        <test-method signature="TestLoginModule()[pri:0, instance:testCases.TC002_LoginModule@ae13544]" started-at="2026-01-22T16:16:31 IST" name="TestLoginModule" finished-at="2026-01-22T16:16:48 IST" duration-ms="16875" status="FAIL">
          <exception class="java.lang.AssertionError">
            <message>
              <![CDATA[expected [My Account] but found [true]]]>
            </message>
            <full-stacktrace>
              <![CDATA[java.lang.AssertionError: expected [My Account] but found [true]
at org.testng.Assert.fail(Assert.java:111)
at org.testng.Assert.failNotEquals(Assert.java:1590)
at org.testng.Assert.assertEqualsImpl(Assert.java:150)
at org.testng.Assert.assertEquals(Assert.java:132)
at org.testng.Assert.assertEquals(Assert.java:644)
at testCases.TC002_LoginModule.TestLoginModule(TC002_LoginModule.java:34)
at java.base/jdk.internal.reflect.DirectMethodHandleAccessor.invoke(DirectMethodHandleAccessor.java:103)
at java.base/java.lang.reflect.Method.invoke(Method.java:580)
at org.testng.internal.invokers.MethodInvocationHelper.invokeMethod(MethodInvocationHelper.java:141)
at org.testng.internal.invokers.TestInvoker.invokeMethod(TestInvoker.java:687)
at org.testng.internal.invokers.TestInvoker.invokeTestMethod(TestInvoker.java:230)
at org.testng.internal.invokers.MethodRunner.runInSequence(MethodRunner.java:63)
at org.testng.internal.invokers.TestInvoker$MethodInvocationAgent.invoke(TestInvoker.java:995)
at org.testng.internal.invokers.TestInvoker.invokeTestMethods(TestInvoker.java:203)
at org.testng.internal.invokers.TestMethodWorker.invokeTestMethods(TestMethodWorker.java:154)
at org.testng.internal.invokers.TestMethodWorker.run(TestMethodWorker.java:134)
at java.base/java.util.ArrayList.forEach(ArrayList.java:1596)
at org.testng.TestRunner.privateRun(TestRunner.java:741)
at org.testng.TestRunner.run(TestRunner.java:616)
at org.testng.SuiteRunner.runTest(SuiteRunner.java:421)
at org.testng.SuiteRunner.runSequentially(SuiteRunner.java:413)
at org.testng.SuiteRunner.privateRun(SuiteRunner.java:373)
at org.testng.SuiteRunner.run(SuiteRunner.java:312)
at org.testng.SuiteRunnerWorker.runSuite(SuiteRunnerWorker.java:52)
at org.testng.SuiteRunnerWorker.run(SuiteRunnerWorker.java:95)
at org.testng.TestNG.runSuitesSequentially(TestNG.java:1274)
at org.testng.TestNG.runSuitesLocally(TestNG.java:1208)
at org.testng.TestNG.runSuites(TestNG.java:1112)
at org.testng.TestNG.run(TestNG.java:1079)
at org.testng.remote.AbstractRemoteTestNG.run(AbstractRemoteTestNG.java:115)
at org.testng.remote.RemoteTestNG.initAndRun(RemoteTestNG.java:293)
at org.testng.remote.RemoteTestNG.main(RemoteTestNG.java:91)
]]>
            </full-stacktrace>
          </exception> <!-- java.lang.AssertionError -->
          <reporter-output>
          </reporter-output>
        </test-method> <!-- TestLoginModule -->
        <test-method is-config="true" signature="tearDown()[pri:0, instance:testCases.TC002_LoginModule@ae13544]" started-at="2026-01-22T16:16:48 IST" name="tearDown" finished-at="2026-01-22T16:16:49 IST" duration-ms="573" status="PASS">
          <reporter-output>
          </reporter-output>
        </test-method> <!-- tearDown -->
      </class> <!-- testCases.TC002_LoginModule -->
    </test> <!-- ChromeTest -->
    <test started-at="2026-01-22T16:16:49 IST" name="SimpleTest" finished-at="2026-01-22T16:18:46 IST" duration-ms="117193">
      <class name="testCases.TC003_ValidationOfUser">
        <test-method is-config="true" signature="Setup(java.lang.String,java.lang.String)[pri:0, instance:testCases.TC003_ValidationOfUser@4009e306]" started-at="2026-01-22T16:16:49 IST" name="Setup" finished-at="2026-01-22T16:16:50 IST" duration-ms="1582" status="PASS">
          <params>
            <param index="0">
              <value>
                <![CDATA[Chrome]]>
              </value>
            </param>
            <param index="1">
              <value>
                <![CDATA[windows]]>
              </value>
            </param>
          </params>
          <reporter-output>
          </reporter-output>
        </test-method> <!-- Setup -->
        <test-method signature="TestLoginModule(java.lang.String,java.lang.String,java.lang.String)[pri:0, instance:testCases.TC003_ValidationOfUser@4009e306]" started-at="2026-01-22T16:16:52 IST" name="TestLoginModule" data-provider="loginDetail" finished-at="2026-01-22T16:17:09 IST" duration-ms="17039" status="PASS">
          <params>
            <param index="0">
              <value>
                <![CDATA[jatashankardewangan7@abc.com]]>
              </value>
            </param>
            <param index="1">
              <value>
                <![CDATA[test@123]]>
              </value>
            </param>
            <param index="2">
              <value>
                <![CDATA[Passed]]>
              </value>
            </param>
          </params>
          <reporter-output>
          </reporter-output>
        </test-method> <!-- TestLoginModule -->
        <test-method signature="TestLoginModule(java.lang.String,java.lang.String,java.lang.String)[pri:0, instance:testCases.TC003_ValidationOfUser@4009e306]" started-at="2026-01-22T16:17:09 IST" name="TestLoginModule" data-provider="loginDetail" finished-at="2026-01-22T16:17:26 IST" duration-ms="16865" status="PASS">
          <params>
            <param index="0">
              <value>
                <![CDATA[abc@axyz.com]]>
              </value>
            </param>
            <param index="1">
              <value>
                <![CDATA[test@123]]>
              </value>
            </param>
            <param index="2">
              <value>
                <![CDATA[Passed]]>
              </value>
            </param>
          </params>
          <reporter-output>
          </reporter-output>
        </test-method> <!-- TestLoginModule -->
        <test-method signature="TestLoginModule(java.lang.String,java.lang.String,java.lang.String)[pri:0, instance:testCases.TC003_ValidationOfUser@4009e306]" started-at="2026-01-22T16:17:26 IST" name="TestLoginModule" data-provider="loginDetail" finished-at="2026-01-22T16:17:42 IST" duration-ms="16341" status="PASS">
          <params>
            <param index="0">
              <value>
                <![CDATA[xyz@axyz.com]]>
              </value>
            </param>
            <param index="1">
              <value>
                <![CDATA[test@123]]>
              </value>
            </param>
            <param index="2">
              <value>
                <![CDATA[Passed]]>
              </value>
            </param>
          </params>
          <reporter-output>
          </reporter-output>
        </test-method> <!-- TestLoginModule -->
        <test-method signature="TestLoginModule(java.lang.String,java.lang.String,java.lang.String)[pri:0, instance:testCases.TC003_ValidationOfUser@4009e306]" started-at="2026-01-22T16:17:42 IST" name="TestLoginModule" data-provider="loginDetail" finished-at="2026-01-22T16:18:19 IST" duration-ms="37198" status="PASS">
          <params>
            <param index="0">
              <value>
                <![CDATA[yzxy@yxc.com]]>
              </value>
            </param>
            <param index="1">
              <value>
                <![CDATA[hello@123]]>
              </value>
            </param>
            <param index="2">
              <value>
                <![CDATA[Failed]]>
              </value>
            </param>
          </params>
          <reporter-output>
          </reporter-output>
        </test-method> <!-- TestLoginModule -->
        <test-method signature="TestLoginModule(java.lang.String,java.lang.String,java.lang.String)[pri:0, instance:testCases.TC003_ValidationOfUser@4009e306]" started-at="2026-01-22T16:18:19 IST" name="TestLoginModule" data-provider="loginDetail" finished-at="2026-01-22T16:18:45 IST" duration-ms="26174" status="PASS">
          <params>
            <param index="0">
              <value>
                <![CDATA[sdfe@gtr.com]]>
              </value>
            </param>
            <param index="1">
              <value>
                <![CDATA[Grace@123]]>
              </value>
            </param>
            <param index="2">
              <value>
                <![CDATA[Failed]]>
              </value>
            </param>
          </params>
          <reporter-output>
          </reporter-output>
        </test-method> <!-- TestLoginModule -->
        <test-method is-config="true" signature="tearDown()[pri:0, instance:testCases.TC003_ValidationOfUser@4009e306]" started-at="2026-01-22T16:18:45 IST" name="tearDown" finished-at="2026-01-22T16:18:46 IST" duration-ms="520" status="PASS">
          <reporter-output>
          </reporter-output>
        </test-method> <!-- tearDown -->
      </class> <!-- testCases.TC003_ValidationOfUser -->
    </test> <!-- SimpleTest -->
  </suite> <!-- Suite -->
</testng-results>
