<?xml version="1.0" encoding="UTF-8"?>
<!-- Generated by org.testng.reporters.JUnitReportReporter -->
<testsuite hostname="DESKTOP-PMMKTKS" failures="0" tests="5" name="testCases.TC003_ValidationOfUser" time="113.617" errors="0" timestamp="2026-01-22T16:18:46 IST" skipped="0">
  <testcase classname="testCases.TC003_ValidationOfUser" name="TestLoginModule" time="16.865"/>
  <testcase classname="testCases.TC003_ValidationOfUser" name="TestLoginModule" time="26.174"/>
  <testcase classname="testCases.TC003_ValidationOfUser" name="TestLoginModule" time="16.341"/>
  <testcase classname="testCases.TC003_ValidationOfUser" name="TestLoginModule" time="37.198"/>
  <testcase classname="testCases.TC003_ValidationOfUser" name="TestLoginModule" time="17.039"/>
</testsuite> <!-- testCases.TC003_ValidationOfUser -->
